2026-02-12 02:11:24,097 | INFO     | Trinity v2.0 Orchestrator Starting - Production Mode
2026-02-12 02:11:43,367 | INFO     | HTTP Request: GET http://localhost:3000/status "HTTP/1.1 200 OK"
2026-02-12 02:12:22,097 | INFO     | HTTP Request: GET http://localhost:3000/status "HTTP/1.1 200 OK"
2026-02-12 02:12:28,691 | INFO     | HTTP Request: GET http://localhost:3000/status "HTTP/1.1 200 OK"
2026-02-12 02:12:33,279 | INFO     | HTTP Request: GET http://localhost:3000/api/agents "HTTP/1.1 200 OK"
2026-02-12 02:12:33,282 | INFO     | HTTP Request: POST http://localhost:3000/messaging/jobs "HTTP/1.1 200 OK"
2026-02-12 02:12:45,573 | INFO     | HTTP Request: POST http://localhost:11434/api/generate "HTTP/1.1 200 OK"
2026-02-12 02:13:19,650 | INFO     | HTTP Request: GET http://localhost:3000/api/agents "HTTP/1.1 200 OK"
2026-02-12 02:13:19,653 | INFO     | HTTP Request: POST http://localhost:3000/messaging/jobs "HTTP/1.1 200 OK"
2026-02-12 02:13:22,146 | INFO     | HTTP Request: GET http://localhost:3000/api/agents "HTTP/1.1 200 OK"
2026-02-12 02:13:22,149 | INFO     | HTTP Request: POST http://localhost:3000/messaging/jobs "HTTP/1.1 200 OK"
2026-02-12 02:13:24,657 | INFO     | HTTP Request: GET http://localhost:3000/api/agents "HTTP/1.1 200 OK"
2026-02-12 02:13:24,659 | INFO     | HTTP Request: POST http://localhost:3000/messaging/jobs "HTTP/1.1 200 OK"
2026-02-12 02:13:27,628 | INFO     | HTTP Request: GET http://localhost:3000/status "HTTP/1.1 200 OK"
2026-02-12 02:13:34,229 | INFO     | HTTP Request: GET http://localhost:3000/status "HTTP/1.1 200 OK"
2026-02-12 02:13:38,759 | INFO     | HTTP Request: GET http://localhost:3000/api/agents "HTTP/1.1 200 OK"
2026-02-12 02:13:38,761 | INFO     | HTTP Request: POST http://localhost:3000/messaging/jobs "HTTP/1.1 200 OK"
2026-02-12 02:13:51,306 | INFO     | HTTP Request: POST http://localhost:11434/api/generate "HTTP/1.1 200 OK"
2026-02-12 02:14:18,165 | INFO     | HTTP Request: GET http://localhost:3000/api/agents "HTTP/1.1 200 OK"
2026-02-12 02:14:18,167 | INFO     | HTTP Request: POST http://localhost:3000/messaging/jobs "HTTP/1.1 200 OK"
2026-02-12 02:14:20,662 | INFO     | HTTP Request: GET http://localhost:3000/api/agents "HTTP/1.1 200 OK"
2026-02-12 02:14:20,665 | INFO     | HTTP Request: POST http://localhost:3000/messaging/jobs "HTTP/1.1 200 OK"
2026-02-12 02:14:23,179 | INFO     | HTTP Request: GET http://localhost:3000/api/agents "HTTP/1.1 200 OK"
2026-02-12 02:14:23,181 | INFO     | HTTP Request: POST http://localhost:3000/messaging/jobs "HTTP/1.1 200 OK"
2026-02-12 03:18:39,400 | INFO     | Trinity v2.0 Orchestrator Starting - Production Mode
2026-02-12 03:18:45,342 | INFO     | Trinity v2.0 Orchestrator Starting - Production Mode
2026-02-12 03:19:09,115 | INFO     | Trinity v2.0 Orchestrator Starting - Production Mode
2026-02-12 03:21:40,885 | INFO     | HTTP Request: GET http://localhost:3000/status "HTTP/1.1 200 OK"
2026-02-12 03:23:55,105 | INFO     | HTTP Request: GET http://localhost:3000/status "HTTP/1.1 200 OK"
2026-02-12 04:03:46,864 | INFO     | Trinity v2.0 Orchestrator Starting - Production Mode
2026-02-12 04:04:24,848 | INFO     | Trinity v2.0 Orchestrator Starting - Production Mode
2026-02-12 04:05:02,447 | INFO     | HTTP Request: GET http://localhost:3000/status "HTTP/1.1 200 OK"
2026-02-12 05:00:27,174 | INFO     | Trinity v2.0 Orchestrator Starting - Production Mode
2026-02-12 05:00:51,147 | INFO     | Trinity v2.0 Orchestrator Starting - Production Mode
2026-02-12 05:01:08,378 | INFO     | Trinity v2.0 Orchestrator Starting - Production Mode
2026-02-12 05:01:32,985 | INFO     | Trinity v2.0 Orchestrator Starting - Production Mode
2026-02-12 05:02:09,099 | INFO     | HTTP Request: GET http://localhost:3000/status "HTTP/1.1 200 OK"
2026-02-12 05:02:15,332 | INFO     | HTTP Request: GET http://localhost:3000/status "HTTP/1.1 200 OK"
2026-02-12 05:05:21,078 | INFO     | HTTP Request: GET http://localhost:3000/status "HTTP/1.1 200 OK"
2026-02-12 05:08:00,731 | INFO     | HTTP Request: POST http://localhost:11434/api/generate "HTTP/1.1 200 OK"
